Started GET "/" for ::1 at 2019-05-24 14:16:31 -0400

PG::ConnectionBad - FATAL:  database "benchBnB_development" does not exist
:

Started POST "/__better_errors/6df24aa34ad95c79/variables" for ::1 at 2019-05-24 14:16:36 -0400
  [1m[35m (694.7ms)[0m  [1m[35mCREATE DATABASE "benchBnB_development" ENCODING = 'unicode'[0m
  ↳ bin/rails:9
  [1m[35m (468.2ms)[0m  [1m[35mCREATE DATABASE "benchBnB_test" ENCODING = 'unicode'[0m
  ↳ bin/rails:9
Started GET "/" for ::1 at 2019-05-24 14:17:53 -0400
Processing by Rails::WelcomeController#index as HTML
  Rendering /Users/aa/.rbenv/versions/2.5.1/lib/ruby/gems/2.5.0/gems/railties-5.2.3/lib/rails/templates/rails/welcome/index.html.erb
  Rendered /Users/aa/.rbenv/versions/2.5.1/lib/ruby/gems/2.5.0/gems/railties-5.2.3/lib/rails/templates/rails/welcome/index.html.erb (5.8ms)
Completed 200 OK in 42ms (Views: 37.2ms | ActiveRecord: 0.0ms)


Started GET "/" for ::1 at 2019-05-24 14:19:08 -0400

SyntaxError - syntax error, unexpected ':', expecting keyword_end
  root: 'static_pages#root'
      ^
/Users/aa/Desktop/W7D5/benchBnB/config/routes.rb:4: syntax error, unexpected keyword_end, expecting end-of-input:
  config/routes.rb:3:in `'

Started POST "/__better_errors/eaa3f906138e7d7e/variables" for ::1 at 2019-05-24 14:19:08 -0400
Started GET "/" for ::1 at 2019-05-24 14:19:21 -0400
Processing by StaticPagesController#root as HTML
  Rendering static_pages/root.html.erb within layouts/application
  Rendered static_pages/root.html.erb within layouts/application (0.5ms)
Completed 200 OK in 2572ms (Views: 2560.8ms | ActiveRecord: 0.0ms)


  [1m[35m (320.3ms)[0m  [1m[35mCREATE TABLE "schema_migrations" ("version" character varying NOT NULL PRIMARY KEY)[0m
  ↳ bin/rails:9
  [1m[35m (38.8ms)[0m  [1m[35mCREATE TABLE "ar_internal_metadata" ("key" character varying NOT NULL PRIMARY KEY, "value" character varying, "created_at" timestamp NOT NULL, "updated_at" timestamp NOT NULL)[0m
  ↳ bin/rails:9
  [1m[35m (0.6ms)[0m  [1m[34mSELECT pg_try_advisory_lock(1878500251809267555)[0m
  ↳ bin/rails:9
  [1m[35m (10.2ms)[0m  [1m[34mSELECT "schema_migrations"."version" FROM "schema_migrations" ORDER BY "schema_migrations"."version" ASC[0m
  ↳ bin/rails:9
Migrating to CreateUsers (20190524182311)
  [1m[35m (0.3ms)[0m  [1m[35mBEGIN[0m
  ↳ bin/rails:9
  [1m[35m (113.2ms)[0m  [1m[35mCREATE TABLE "users" ("id" bigserial primary key, "username" character varying NOT NULL, "session_digest" character varying NOT NULL, "password_digest" character varying NOT NULL, "created_at" timestamp NOT NULL, "updated_at" timestamp NOT NULL)[0m
  ↳ db/migrate/20190524182311_create_users.rb:3
  [1m[36mActiveRecord::SchemaMigration Create (0.8ms)[0m  [1m[32mINSERT INTO "schema_migrations" ("version") VALUES ($1) RETURNING "version"[0m  [["version", "20190524182311"]]
  ↳ bin/rails:9
  [1m[35m (0.7ms)[0m  [1m[35mCOMMIT[0m
  ↳ bin/rails:9
  [1m[36mActiveRecord::InternalMetadata Load (0.8ms)[0m  [1m[34mSELECT  "ar_internal_metadata".* FROM "ar_internal_metadata" WHERE "ar_internal_metadata"."key" = $1 LIMIT $2[0m  [["key", "environment"], ["LIMIT", 1]]
  ↳ bin/rails:9
  [1m[35m (0.2ms)[0m  [1m[35mBEGIN[0m
  ↳ bin/rails:9
  [1m[36mActiveRecord::InternalMetadata Create (0.8ms)[0m  [1m[32mINSERT INTO "ar_internal_metadata" ("key", "value", "created_at", "updated_at") VALUES ($1, $2, $3, $4) RETURNING "key"[0m  [["key", "environment"], ["value", "development"], ["created_at", "2019-05-24 18:24:04.524551"], ["updated_at", "2019-05-24 18:24:04.524551"]]
  ↳ bin/rails:9
  [1m[35m (0.4ms)[0m  [1m[35mCOMMIT[0m
  ↳ bin/rails:9
  [1m[35m (0.3ms)[0m  [1m[34mSELECT pg_advisory_unlock(1878500251809267555)[0m
  ↳ bin/rails:9
  [1m[35m (0.4ms)[0m  [1m[34mSELECT "schema_migrations"."version" FROM "schema_migrations" ORDER BY "schema_migrations"."version" ASC[0m
  ↳ bin/rails:9
Started GET "/" for ::1 at 2019-05-24 15:27:13 -0400
  [1m[35m (1.3ms)[0m  [1m[34mSELECT "schema_migrations"."version" FROM "schema_migrations" ORDER BY "schema_migrations"."version" ASC[0m
  ↳ /Users/aa/.rbenv/versions/2.5.1/lib/ruby/gems/2.5.0/gems/activerecord-5.2.3/lib/active_record/log_subscriber.rb:98
Processing by StaticPagesController#root as HTML
  Rendering static_pages/root.html.erb within layouts/application
  Rendered static_pages/root.html.erb within layouts/application (0.9ms)
Completed 200 OK in 422ms (Views: 378.2ms | ActiveRecord: 0.0ms)


Started POST "/api/users" for ::1 at 2019-05-24 15:32:26 -0400
Processing by Api::UsersController#create as JSON
  Parameters: {"user"=>{"username"=>"bigstella", "password"=>"[FILTERED]"}}
Completed 500 Internal Server Error in 174ms (ActiveRecord: 27.4ms)



NoMethodError - undefined method `session_token' for #<User:0x00007feea12982f8>
Did you mean?  session_digest:
  app/models/user.rb:27:in `ensure_session_token'
  app/controllers/api/users_controller.rb:8:in `create'

Started GET "/" for ::1 at 2019-05-24 15:35:26 -0400
Processing by StaticPagesController#root as HTML
  Rendering static_pages/root.html.erb within layouts/application
  Rendered static_pages/root.html.erb within layouts/application (0.5ms)
Completed 200 OK in 150ms (Views: 141.1ms | ActiveRecord: 0.0ms)


Started POST "/api/users" for ::1 at 2019-05-24 15:35:28 -0400
Processing by Api::UsersController#create as JSON
  Parameters: {"user"=>{"username"=>"bigstella", "password"=>"[FILTERED]"}}
  [1m[35m (0.3ms)[0m  [1m[35mBEGIN[0m
  ↳ app/controllers/api/users_controller.rb:9
  [1m[36mUser Create (57.7ms)[0m  [1m[32mINSERT INTO "users" ("username", "session_digest", "password_digest", "created_at", "updated_at") VALUES ($1, $2, $3, $4, $5) RETURNING "id"[0m  [["username", "bigstella"], ["session_digest", "rdYoX8-wLLKx3stxXjv3JA"], ["password_digest", "$2a$10$6RRBg77D9zg/IOW4cmBkHOq4t7MEZJrpdTcuLC8fuRFONZEDJRP6m"], ["created_at", "2019-05-24 19:35:29.082690"], ["updated_at", "2019-05-24 19:35:29.082690"]]
  ↳ app/controllers/api/users_controller.rb:9
  [1m[35m (12.7ms)[0m  [1m[35mCOMMIT[0m
  ↳ app/controllers/api/users_controller.rb:9
Completed 500 Internal Server Error in 193ms (ActiveRecord: 78.5ms)



NoMethodError - undefined method `reset_token!' for #<User:0x00007feea62a5c78>
Did you mean?  reset_session_token!:
  app/controllers/application_controller.rb:18:in `sign_in'
  app/controllers/api/users_controller.rb:10:in `create'

Started GET "/" for ::1 at 2019-05-24 15:36:31 -0400
Processing by StaticPagesController#root as HTML
  Rendering static_pages/root.html.erb within layouts/application
  Rendered static_pages/root.html.erb within layouts/application (1.6ms)
Completed 200 OK in 175ms (Views: 160.7ms | ActiveRecord: 0.0ms)


Started POST "/api/users" for ::1 at 2019-05-24 15:36:39 -0400
Processing by Api::UsersController#create as JSON
  Parameters: {"user"=>{"username"=>"bigstella2", "password"=>"[FILTERED]"}}
  [1m[35m (0.2ms)[0m  [1m[35mBEGIN[0m
  ↳ app/controllers/api/users_controller.rb:9
  [1m[36mUser Create (0.5ms)[0m  [1m[32mINSERT INTO "users" ("username", "session_digest", "password_digest", "created_at", "updated_at") VALUES ($1, $2, $3, $4, $5) RETURNING "id"[0m  [["username", "bigstella2"], ["session_digest", "kGSYYNRWYi4ElJ5ZIp3y_g"], ["password_digest", "$2a$10$LZK6Qo4v/us7q6CaRyGh/uXRDdfjf7wVEFSCiFM/Y8aGZdyREEK4C"], ["created_at", "2019-05-24 19:36:39.394918"], ["updated_at", "2019-05-24 19:36:39.394918"]]
  ↳ app/controllers/api/users_controller.rb:9
  [1m[35m (0.5ms)[0m  [1m[35mCOMMIT[0m
  ↳ app/controllers/api/users_controller.rb:9
  [1m[35m (0.2ms)[0m  [1m[35mBEGIN[0m
  ↳ app/models/user.rb:32
  [1m[36mUser Update (0.9ms)[0m  [1m[33mUPDATE "users" SET "session_digest" = $1, "updated_at" = $2 WHERE "users"."id" = $3[0m  [["session_digest", "PoCyrW7oUvJpA8U-Xyxyhw"], ["updated_at", "2019-05-24 19:36:39.398746"], ["id", 2]]
  ↳ app/models/user.rb:32
  [1m[35m (0.5ms)[0m  [1m[35mCOMMIT[0m
  ↳ app/models/user.rb:32
No template found for Api::UsersController#create, rendering head :no_content
Completed 204 No Content in 256ms (ActiveRecord: 10.6ms)


Started POST "/api/session/new" for ::1 at 2019-05-24 15:39:16 -0400
  
ActionController::RoutingError (No route matches [POST] "/api/session/new"):
  
actionpack (5.2.3) lib/action_dispatch/middleware/debug_exceptions.rb:65:in `call'
web-console (3.7.0) lib/web_console/middleware.rb:135:in `call_app'
web-console (3.7.0) lib/web_console/middleware.rb:30:in `block in call'
web-console (3.7.0) lib/web_console/middleware.rb:20:in `catch'
web-console (3.7.0) lib/web_console/middleware.rb:20:in `call'
actionpack (5.2.3) lib/action_dispatch/middleware/show_exceptions.rb:33:in `call'
railties (5.2.3) lib/rails/rack/logger.rb:38:in `call_app'
railties (5.2.3) lib/rails/rack/logger.rb:26:in `block in call'
activesupport (5.2.3) lib/active_support/tagged_logging.rb:71:in `block in tagged'
activesupport (5.2.3) lib/active_support/tagged_logging.rb:28:in `tagged'
activesupport (5.2.3) lib/active_support/tagged_logging.rb:71:in `tagged'
railties (5.2.3) lib/rails/rack/logger.rb:26:in `call'
sprockets-rails (3.2.1) lib/sprockets/rails/quiet_assets.rb:13:in `call'
actionpack (5.2.3) lib/action_dispatch/middleware/remote_ip.rb:81:in `call'
actionpack (5.2.3) lib/action_dispatch/middleware/request_id.rb:27:in `call'
rack (2.0.7) lib/rack/method_override.rb:22:in `call'
rack (2.0.7) lib/rack/runtime.rb:22:in `call'
activesupport (5.2.3) lib/active_support/cache/strategy/local_cache_middleware.rb:29:in `call'
actionpack (5.2.3) lib/action_dispatch/middleware/executor.rb:14:in `call'
actionpack (5.2.3) lib/action_dispatch/middleware/static.rb:127:in `call'
rack (2.0.7) lib/rack/sendfile.rb:111:in `call'
railties (5.2.3) lib/rails/engine.rb:524:in `call'
puma (3.12.1) lib/puma/configuration.rb:227:in `call'
puma (3.12.1) lib/puma/server.rb:660:in `handle_request'
puma (3.12.1) lib/puma/server.rb:474:in `process_client'
puma (3.12.1) lib/puma/server.rb:334:in `block in run'
puma (3.12.1) lib/puma/thread_pool.rb:135:in `block in spawn_thread'
Started POST "/api/session" for ::1 at 2019-05-24 15:40:16 -0400
Processing by Api::SessionsController#create as JSON
  Parameters: {"user"=>{"username"=>"bigstella2", "password"=>"[FILTERED]"}}
  [1m[36mUser Load (0.4ms)[0m  [1m[34mSELECT  "users".* FROM "users" WHERE "users"."username" = $1 LIMIT $2[0m  [["username", "bigstella2"], ["LIMIT", 1]]
  ↳ app/models/user.rb:9
  [1m[35m (0.3ms)[0m  [1m[35mBEGIN[0m
  ↳ app/models/user.rb:32
  [1m[36mUser Update (0.6ms)[0m  [1m[33mUPDATE "users" SET "session_digest" = $1, "updated_at" = $2 WHERE "users"."id" = $3[0m  [["session_digest", "Tug1z6XSC8wOxSiiUmzHjg"], ["updated_at", "2019-05-24 19:40:16.880087"], ["id", 2]]
  ↳ app/models/user.rb:32
  [1m[35m (16.0ms)[0m  [1m[35mCOMMIT[0m
  ↳ app/models/user.rb:32
No template found for Api::SessionsController#create, rendering head :no_content
Completed 204 No Content in 218ms (ActiveRecord: 17.7ms)


Started DELETE "/api/session" for ::1 at 2019-05-24 15:40:37 -0400
Processing by Api::SessionsController#destroy as JSON
  Parameters: {"user"=>{"username"=>"bigstella2", "password"=>"[FILTERED]"}}
Completed 500 Internal Server Error in 31ms (ActiveRecord: 0.0ms)



NoMethodError - undefined method `find_by_session_token' for #<Class:0x00007feea2417b78>
Did you mean?  find_by_credentials:
  app/controllers/application_controller.rb:9:in `current_user'
  app/controllers/api/sessions_controller.rb:20:in `destroy'

Started DELETE "/api/session" for ::1 at 2019-05-24 15:46:54 -0400
Processing by Api::SessionsController#destroy as JSON
  Parameters: {"user"=>{"username"=>"bigstella2", "password"=>"[FILTERED]"}}
Completed 500 Internal Server Error in 56ms (ActiveRecord: 6.5ms)



NoMethodError - undefined method `find_by_session_token' for #<Class:0x00007feea23509d8>
Did you mean?  find_by_credentials:
  app/controllers/application_controller.rb:9:in `current_user'
  app/controllers/api/sessions_controller.rb:20:in `destroy'

  [1m[36mUser Load (1.0ms)[0m  [1m[34mSELECT "users".* FROM "users"[0m
Started DELETE "/api/session" for ::1 at 2019-05-24 16:02:36 -0400
Processing by Api::SessionsController#destroy as JSON
  Parameters: {"user"=>{"username"=>"bigstella2", "password"=>"[FILTERED]"}}
Completed 500 Internal Server Error in 28ms (ActiveRecord: 0.0ms)



NoMethodError - undefined method `find_by_session_token' for #<Class:0x00007feea23509d8>
Did you mean?  find_by_credentials:
  app/controllers/application_controller.rb:9:in `current_user'
  app/controllers/api/sessions_controller.rb:20:in `destroy'

Started POST "/api/session" for ::1 at 2019-05-24 16:03:30 -0400
Processing by Api::SessionsController#create as JSON
  Parameters: {"user"=>{"username"=>"bigstella2", "password"=>"[FILTERED]"}}
  [1m[36mUser Load (0.8ms)[0m  [1m[34mSELECT  "users".* FROM "users" WHERE "users"."username" = $1 LIMIT $2[0m  [["username", "bigstella2"], ["LIMIT", 1]]
  ↳ app/models/user.rb:9
  [1m[35m (0.3ms)[0m  [1m[35mBEGIN[0m
  ↳ app/models/user.rb:32
  [1m[36mUser Update (0.9ms)[0m  [1m[33mUPDATE "users" SET "session_digest" = $1, "updated_at" = $2 WHERE "users"."id" = $3[0m  [["session_digest", "ahgeQary5fagWUTklnI53Q"], ["updated_at", "2019-05-24 20:03:31.013121"], ["id", 2]]
  ↳ app/models/user.rb:32
  [1m[35m (8.5ms)[0m  [1m[35mCOMMIT[0m
  ↳ app/models/user.rb:32
No template found for Api::SessionsController#create, rendering head :no_content
Completed 204 No Content in 181ms (ActiveRecord: 15.4ms)


Started DELETE "/api/session" for ::1 at 2019-05-24 16:03:38 -0400
Processing by Api::SessionsController#destroy as JSON
  Parameters: {"user"=>{"username"=>"bigstella2", "password"=>"[FILTERED]"}}
Completed 500 Internal Server Error in 26ms (ActiveRecord: 0.0ms)



NoMethodError - undefined method `find_by_session_token' for #<Class:0x00007feea23509d8>
Did you mean?  find_by_credentials:
  app/controllers/application_controller.rb:9:in `current_user'
  app/controllers/api/sessions_controller.rb:20:in `destroy'

Started POST "/api/session" for ::1 at 2019-05-24 16:06:22 -0400
Processing by Api::SessionsController#create as JSON
  Parameters: {"user"=>{"username"=>"bigstella2", "password"=>"[FILTERED]"}}
  [1m[36mUser Load (1.2ms)[0m  [1m[34mSELECT  "users".* FROM "users" WHERE "users"."username" = $1 LIMIT $2[0m  [["username", "bigstella2"], ["LIMIT", 1]]
  ↳ app/models/user.rb:9
  [1m[35m (0.2ms)[0m  [1m[35mBEGIN[0m
  ↳ app/models/user.rb:32
  [1m[36mUser Update (0.6ms)[0m  [1m[33mUPDATE "users" SET "session_digest" = $1, "updated_at" = $2 WHERE "users"."id" = $3[0m  [["session_digest", "QJKkknE20RBUPShA15ghzQ"], ["updated_at", "2019-05-24 20:06:22.293604"], ["id", 2]]
  ↳ app/models/user.rb:32
  [1m[35m (24.2ms)[0m  [1m[35mCOMMIT[0m
  ↳ app/models/user.rb:32
No template found for Api::SessionsController#create, rendering head :no_content
Completed 204 No Content in 174ms (ActiveRecord: 26.3ms)


Started DELETE "/api/session" for ::1 at 2019-05-24 16:06:32 -0400
Processing by Api::SessionsController#destroy as JSON
  Parameters: {"user"=>{"username"=>"bigstella2", "password"=>"[FILTERED]"}}
Completed 500 Internal Server Error in 29ms (ActiveRecord: 0.0ms)



NoMethodError - undefined method `find_by_session_token' for #<Class:0x00007feea23509d8>
Did you mean?  find_by_credentials:
  app/controllers/application_controller.rb:9:in `current_user'
  app/controllers/api/sessions_controller.rb:20:in `destroy'

  [1m[36mUser Load (0.8ms)[0m  [1m[34mSELECT "users".* FROM "users"[0m
  [1m[36mUser Load (0.9ms)[0m  [1m[34mSELECT "users".* FROM "users"[0m
  [1m[35m (0.2ms)[0m  [1m[35mBEGIN[0m
  [1m[36mUser Destroy (0.9ms)[0m  [1m[31mDELETE FROM "users" WHERE "users"."id" = $1[0m  [["id", 1]]
  [1m[35m (0.5ms)[0m  [1m[35mCOMMIT[0m
  [1m[35m (0.2ms)[0m  [1m[35mBEGIN[0m
  [1m[36mUser Destroy (0.6ms)[0m  [1m[31mDELETE FROM "users" WHERE "users"."id" = $1[0m  [["id", 2]]
  [1m[35m (0.4ms)[0m  [1m[35mCOMMIT[0m
  [1m[36mUser Load (0.7ms)[0m  [1m[34mSELECT "users".* FROM "users"[0m
  [1m[35m (0.3ms)[0m  [1m[34mSELECT pg_try_advisory_lock(1878500251809267555)[0m
  ↳ bin/rails:9
  [1m[35m (15.0ms)[0m  [1m[34mSELECT "schema_migrations"."version" FROM "schema_migrations" ORDER BY "schema_migrations"."version" ASC[0m
  ↳ bin/rails:9
Migrating to RenameSessionColumn (20190524200915)
  [1m[35m (0.2ms)[0m  [1m[35mBEGIN[0m
  ↳ bin/rails:9
  [1m[35m (54.0ms)[0m  [1m[35mALTER TABLE "users" RENAME COLUMN "session_digest" TO "session_token"[0m
  ↳ db/migrate/20190524200915_rename_session_column.rb:3
  [1m[36mActiveRecord::SchemaMigration Create (0.5ms)[0m  [1m[32mINSERT INTO "schema_migrations" ("version") VALUES ($1) RETURNING "version"[0m  [["version", "20190524200915"]]
  ↳ bin/rails:9
  [1m[35m (0.6ms)[0m  [1m[35mCOMMIT[0m
  ↳ bin/rails:9
  [1m[36mActiveRecord::InternalMetadata Load (0.6ms)[0m  [1m[34mSELECT  "ar_internal_metadata".* FROM "ar_internal_metadata" WHERE "ar_internal_metadata"."key" = $1 LIMIT $2[0m  [["key", "environment"], ["LIMIT", 1]]
  ↳ bin/rails:9
  [1m[35m (0.2ms)[0m  [1m[35mBEGIN[0m
  ↳ bin/rails:9
  [1m[35m (0.1ms)[0m  [1m[35mCOMMIT[0m
  ↳ bin/rails:9
  [1m[35m (0.6ms)[0m  [1m[34mSELECT pg_advisory_unlock(1878500251809267555)[0m
  ↳ bin/rails:9
  [1m[35m (0.5ms)[0m  [1m[34mSELECT "schema_migrations"."version" FROM "schema_migrations" ORDER BY "schema_migrations"."version" ASC[0m
  ↳ bin/rails:9
Started GET "/" for ::1 at 2019-05-24 16:12:45 -0400
  [1m[35m (1.4ms)[0m  [1m[34mSELECT "schema_migrations"."version" FROM "schema_migrations" ORDER BY "schema_migrations"."version" ASC[0m
  ↳ /Users/aa/.rbenv/versions/2.5.1/lib/ruby/gems/2.5.0/gems/activerecord-5.2.3/lib/active_record/log_subscriber.rb:98
Processing by StaticPagesController#root as HTML
  Rendering static_pages/root.html.erb within layouts/application
  Rendered static_pages/root.html.erb within layouts/application (1.8ms)
Completed 200 OK in 4275ms (Views: 4250.3ms | ActiveRecord: 0.0ms)


Started POST "/api/users" for ::1 at 2019-05-24 16:13:10 -0400
Processing by Api::UsersController#create as JSON
  Parameters: {"user"=>{"username"=>"bigstella2", "password"=>"[FILTERED]"}}
  [1m[35m (0.2ms)[0m  [1m[35mBEGIN[0m
  ↳ app/controllers/api/users_controller.rb:9
  [1m[36mUser Create (1.0ms)[0m  [1m[32mINSERT INTO "users" ("username", "session_token", "password_digest", "created_at", "updated_at") VALUES ($1, $2, $3, $4, $5) RETURNING "id"[0m  [["username", "bigstella2"], ["session_token", "h3BZLs0qeFK_NrGR_lFTYw"], ["password_digest", "$2a$10$rknmjiL0U3199Bj6hh2QPO8jxqCeVgKDzT1TzODeA.swiOEGiwmRy"], ["created_at", "2019-05-24 20:13:10.881049"], ["updated_at", "2019-05-24 20:13:10.881049"]]
  ↳ app/controllers/api/users_controller.rb:9
  [1m[35m (0.6ms)[0m  [1m[35mCOMMIT[0m
  ↳ app/controllers/api/users_controller.rb:9
  [1m[35m (0.1ms)[0m  [1m[35mBEGIN[0m
  ↳ app/models/user.rb:32
  [1m[36mUser Update (1.2ms)[0m  [1m[33mUPDATE "users" SET "session_token" = $1, "updated_at" = $2 WHERE "users"."id" = $3[0m  [["session_token", "xUGbsJSnlRv0CJKMcKy8Nw"], ["updated_at", "2019-05-24 20:13:10.885038"], ["id", 3]]
  ↳ app/models/user.rb:32
  [1m[35m (0.5ms)[0m  [1m[35mCOMMIT[0m
  ↳ app/models/user.rb:32
No template found for Api::UsersController#create, rendering head :no_content
Completed 204 No Content in 262ms (ActiveRecord: 14.7ms)


Started DELETE "/api/session" for ::1 at 2019-05-24 16:13:39 -0400
Processing by Api::SessionsController#destroy as JSON
  Parameters: {"user"=>{"username"=>"bigstella2", "password"=>"[FILTERED]"}}
  [1m[36mUser Load (0.3ms)[0m  [1m[34mSELECT  "users".* FROM "users" WHERE "users"."session_token" IS NULL LIMIT $1[0m  [["LIMIT", 1]]
  ↳ app/controllers/application_controller.rb:9
Completed 404 Not Found in 3ms (Views: 0.2ms | ActiveRecord: 0.6ms)


Started POST "/api/session" for ::1 at 2019-05-24 16:13:53 -0400
Processing by Api::SessionsController#create as JSON
  Parameters: {"user"=>{"username"=>"bigstella2", "password"=>"[FILTERED]"}}
  [1m[36mUser Load (0.5ms)[0m  [1m[34mSELECT  "users".* FROM "users" WHERE "users"."username" = $1 LIMIT $2[0m  [["username", "bigstella2"], ["LIMIT", 1]]
  ↳ app/models/user.rb:9
  [1m[35m (0.3ms)[0m  [1m[35mBEGIN[0m
  ↳ app/models/user.rb:32
  [1m[36mUser Update (0.6ms)[0m  [1m[33mUPDATE "users" SET "session_token" = $1, "updated_at" = $2 WHERE "users"."id" = $3[0m  [["session_token", "Mgm06woij0mpqtFKpAQkow"], ["updated_at", "2019-05-24 20:13:53.326987"], ["id", 3]]
  ↳ app/models/user.rb:32
  [1m[35m (0.5ms)[0m  [1m[35mCOMMIT[0m
  ↳ app/models/user.rb:32
No template found for Api::SessionsController#create, rendering head :no_content
Completed 204 No Content in 192ms (ActiveRecord: 1.8ms)


Started DELETE "/api/session" for ::1 at 2019-05-24 16:13:57 -0400
Processing by Api::SessionsController#destroy as JSON
  Parameters: {"user"=>{"username"=>"bigstella2", "password"=>"[FILTERED]"}}
  [1m[36mUser Load (0.5ms)[0m  [1m[34mSELECT  "users".* FROM "users" WHERE "users"."session_token" IS NULL LIMIT $1[0m  [["LIMIT", 1]]
  ↳ app/controllers/application_controller.rb:9
Completed 404 Not Found in 3ms (Views: 0.2ms | ActiveRecord: 0.5ms)


Started GET "/" for ::1 at 2019-05-24 16:15:36 -0400
Processing by StaticPagesController#root as HTML
  Rendering static_pages/root.html.erb within layouts/application
  Rendered static_pages/root.html.erb within layouts/application (0.5ms)
Completed 200 OK in 139ms (Views: 126.7ms | ActiveRecord: 0.0ms)


Started POST "/api/session" for ::1 at 2019-05-24 16:15:43 -0400
Processing by Api::SessionsController#create as JSON
  Parameters: {"user"=>{"username"=>"bigstella2", "password"=>"[FILTERED]"}}
  [1m[36mUser Load (0.5ms)[0m  [1m[34mSELECT  "users".* FROM "users" WHERE "users"."username" = $1 LIMIT $2[0m  [["username", "bigstella2"], ["LIMIT", 1]]
  ↳ app/models/user.rb:9
  [1m[35m (0.2ms)[0m  [1m[35mBEGIN[0m
  ↳ app/models/user.rb:32
  [1m[36mUser Update (0.5ms)[0m  [1m[33mUPDATE "users" SET "session_token" = $1, "updated_at" = $2 WHERE "users"."id" = $3[0m  [["session_token", "mzfGWmePz9RwxhIq9H5mVw"], ["updated_at", "2019-05-24 20:15:43.695703"], ["id", 3]]
  ↳ app/models/user.rb:32
  [1m[35m (0.5ms)[0m  [1m[35mCOMMIT[0m
  ↳ app/models/user.rb:32
No template found for Api::SessionsController#create, rendering head :no_content
Completed 204 No Content in 227ms (ActiveRecord: 9.4ms)


Started DELETE "/api/session" for ::1 at 2019-05-24 16:15:47 -0400
Processing by Api::SessionsController#destroy as JSON
  Parameters: {"user"=>{"username"=>"bigstella2", "password"=>"[FILTERED]"}}
  [1m[36mUser Load (1.0ms)[0m  [1m[34mSELECT  "users".* FROM "users" WHERE "users"."session_token" IS NULL LIMIT $1[0m  [["LIMIT", 1]]
  ↳ app/controllers/application_controller.rb:9
  [1m[36mCACHE User Load (0.0ms)[0m  [1m[34mSELECT  "users".* FROM "users" WHERE "users"."session_token" IS NULL LIMIT $1[0m  [["LIMIT", 1]]
  ↳ app/controllers/application_controller.rb:9
Completed 404 Not Found in 104329ms (Views: 0.3ms | ActiveRecord: 1.1ms)


Started POST "/api/session" for ::1 at 2019-05-24 16:17:46 -0400
Processing by Api::SessionsController#create as JSON
  Parameters: {"user"=>{"username"=>"bigstella2", "password"=>"[FILTERED]"}}
  [1m[36mUser Load (0.4ms)[0m  [1m[34mSELECT  "users".* FROM "users" WHERE "users"."username" = $1 LIMIT $2[0m  [["username", "bigstella2"], ["LIMIT", 1]]
  ↳ app/models/user.rb:9
  [1m[35m (0.2ms)[0m  [1m[35mBEGIN[0m
  ↳ app/models/user.rb:32
  [1m[36mUser Update (0.6ms)[0m  [1m[33mUPDATE "users" SET "session_token" = $1, "updated_at" = $2 WHERE "users"."id" = $3[0m  [["session_token", "OGhc7pp-ClxzSwFVKQdHYw"], ["updated_at", "2019-05-24 20:17:46.297559"], ["id", 3]]
  ↳ app/models/user.rb:32
  [1m[35m (0.4ms)[0m  [1m[35mCOMMIT[0m
  ↳ app/models/user.rb:32
No template found for Api::SessionsController#create, rendering head :no_content
Completed 204 No Content in 178ms (ActiveRecord: 9.3ms)


Started DELETE "/api/session" for ::1 at 2019-05-24 16:17:53 -0400
Processing by Api::SessionsController#destroy as JSON
  Parameters: {"user"=>{"username"=>"bigstella2", "password"=>"[FILTERED]"}}
  [1m[36mUser Load (0.6ms)[0m  [1m[34mSELECT  "users".* FROM "users" WHERE "users"."session_token" = $1 LIMIT $2[0m  [["session_token", "OGhc7pp-ClxzSwFVKQdHYw"], ["LIMIT", 1]]
  ↳ app/controllers/application_controller.rb:9
Completed 500 Internal Server Error in 10888ms (ActiveRecord: 0.6ms)



ActionView::MissingTemplate - Missing template api/sessions/destroy, application/destroy with {:locale=>[:en], :formats=>[:json], :variants=>[], :handlers=>[:raw, :erb, :html, :builder, :ruby, :coffee, :jbuilder]}. Searched in:
  * "/Users/aa/Desktop/W7D5/benchBnB/app/views"
:
  app/controllers/api/sessions_controller.rb:25:in `destroy'

Started GET "/" for ::1 at 2019-05-24 16:18:42 -0400
Processing by StaticPagesController#root as HTML
  Rendering static_pages/root.html.erb within layouts/application
  Rendered static_pages/root.html.erb within layouts/application (0.7ms)
Completed 200 OK in 129ms (Views: 110.1ms | ActiveRecord: 0.0ms)


Started POST "/api/session" for ::1 at 2019-05-24 16:18:45 -0400
Processing by Api::SessionsController#create as JSON
  Parameters: {"user"=>{"username"=>"bigstella2", "password"=>"[FILTERED]"}}
  [1m[36mUser Load (0.4ms)[0m  [1m[34mSELECT  "users".* FROM "users" WHERE "users"."username" = $1 LIMIT $2[0m  [["username", "bigstella2"], ["LIMIT", 1]]
  ↳ app/models/user.rb:9
  [1m[35m (0.2ms)[0m  [1m[35mBEGIN[0m
  ↳ app/models/user.rb:32
  [1m[36mUser Update (0.5ms)[0m  [1m[33mUPDATE "users" SET "session_token" = $1, "updated_at" = $2 WHERE "users"."id" = $3[0m  [["session_token", "ci6Fe4ujkuJfNDod64A6eA"], ["updated_at", "2019-05-24 20:18:45.741115"], ["id", 3]]
  ↳ app/models/user.rb:32
  [1m[35m (0.8ms)[0m  [1m[35mCOMMIT[0m
  ↳ app/models/user.rb:32
No template found for Api::SessionsController#create, rendering head :no_content
Completed 204 No Content in 200ms (ActiveRecord: 9.7ms)


Started DELETE "/api/session" for ::1 at 2019-05-24 16:18:47 -0400
Processing by Api::SessionsController#destroy as JSON
  Parameters: {"user"=>{"username"=>"bigstella2", "password"=>"[FILTERED]"}}
  [1m[36mUser Load (1.0ms)[0m  [1m[34mSELECT  "users".* FROM "users" WHERE "users"."session_token" = $1 LIMIT $2[0m  [["session_token", "ci6Fe4ujkuJfNDod64A6eA"], ["LIMIT", 1]]
  ↳ app/controllers/application_controller.rb:9
Completed 200 OK in 11425ms (Views: 0.5ms | ActiveRecord: 1.0ms)


Started GET "/" for ::1 at 2019-05-27 10:39:20 -0400

PG::ConnectionBad - FATAL:  database "benchBnB_development" does not exist
:

Started POST "/__better_errors/b1deb25154994ce9/variables" for ::1 at 2019-05-27 10:39:21 -0400
  [1m[35m (650.3ms)[0m  [1m[35mCREATE DATABASE "benchBnB_development" ENCODING = 'unicode'[0m
  ↳ bin/rails:9
  [1m[35m (456.4ms)[0m  [1m[35mCREATE DATABASE "benchBnB_test" ENCODING = 'unicode'[0m
  ↳ bin/rails:9
  [1m[35mSQL (14.3ms)[0m  [1m[35mCREATE EXTENSION IF NOT EXISTS "plpgsql"[0m
  ↳ db/schema.rb:16
  [1m[35m (0.4ms)[0m  [1m[35mDROP TABLE IF EXISTS "users" CASCADE[0m
  ↳ db/schema.rb:18
  [1m[35m (10.6ms)[0m  [1m[35mCREATE TABLE "users" ("id" bigserial primary key, "username" character varying NOT NULL, "session_token" character varying NOT NULL, "password_digest" character varying NOT NULL, "created_at" timestamp NOT NULL, "updated_at" timestamp NOT NULL)[0m
  ↳ db/schema.rb:18
  [1m[35m (4.2ms)[0m  [1m[35mCREATE TABLE "schema_migrations" ("version" character varying NOT NULL PRIMARY KEY)[0m
  ↳ db/schema.rb:13
  [1m[35m (0.7ms)[0m  [1m[34mSELECT "schema_migrations"."version" FROM "schema_migrations" ORDER BY "schema_migrations"."version" ASC[0m
  ↳ db/schema.rb:13
  [1m[35m (24.3ms)[0m  [1m[32mINSERT INTO "schema_migrations" (version) VALUES (20190524200915)[0m
  ↳ db/schema.rb:13
  [1m[35m (0.8ms)[0m  [1m[32mINSERT INTO "schema_migrations" (version) VALUES
(20190524182311);

[0m
  ↳ db/schema.rb:13
  [1m[35m (4.7ms)[0m  [1m[35mCREATE TABLE "ar_internal_metadata" ("key" character varying NOT NULL PRIMARY KEY, "value" character varying, "created_at" timestamp NOT NULL, "updated_at" timestamp NOT NULL)[0m
  ↳ db/schema.rb:13
  [1m[36mActiveRecord::InternalMetadata Load (0.5ms)[0m  [1m[34mSELECT  "ar_internal_metadata".* FROM "ar_internal_metadata" WHERE "ar_internal_metadata"."key" = $1 LIMIT $2[0m  [["key", "environment"], ["LIMIT", 1]]
  ↳ db/schema.rb:13
  [1m[35m (0.4ms)[0m  [1m[35mBEGIN[0m
  ↳ db/schema.rb:13
  [1m[36mActiveRecord::InternalMetadata Create (1.6ms)[0m  [1m[32mINSERT INTO "ar_internal_metadata" ("key", "value", "created_at", "updated_at") VALUES ($1, $2, $3, $4) RETURNING "key"[0m  [["key", "environment"], ["value", "development"], ["created_at", "2019-05-27 14:40:29.883018"], ["updated_at", "2019-05-27 14:40:29.883018"]]
  ↳ db/schema.rb:13
  [1m[35m (0.7ms)[0m  [1m[35mCOMMIT[0m
  ↳ db/schema.rb:13
  [1m[36mActiveRecord::InternalMetadata Load (0.3ms)[0m  [1m[34mSELECT  "ar_internal_metadata".* FROM "ar_internal_metadata" WHERE "ar_internal_metadata"."key" = $1 LIMIT $2[0m  [["key", "environment"], ["LIMIT", 1]]
  ↳ bin/rails:9
  [1m[35m (0.2ms)[0m  [1m[35mBEGIN[0m
  ↳ bin/rails:9
  [1m[35m (0.2ms)[0m  [1m[35mCOMMIT[0m
  ↳ bin/rails:9
  [1m[35mSQL (0.4ms)[0m  [1m[35mCREATE EXTENSION IF NOT EXISTS "plpgsql"[0m
  ↳ db/schema.rb:16
  [1m[35m (0.3ms)[0m  [1m[35mDROP TABLE IF EXISTS "users" CASCADE[0m
  ↳ db/schema.rb:18
  [1m[35m (67.3ms)[0m  [1m[35mCREATE TABLE "users" ("id" bigserial primary key, "username" character varying NOT NULL, "session_token" character varying NOT NULL, "password_digest" character varying NOT NULL, "created_at" timestamp NOT NULL, "updated_at" timestamp NOT NULL)[0m
  ↳ db/schema.rb:18
  [1m[35m (4.1ms)[0m  [1m[35mCREATE TABLE "schema_migrations" ("version" character varying NOT NULL PRIMARY KEY)[0m
  ↳ db/schema.rb:13
  [1m[35m (1.5ms)[0m  [1m[34mSELECT "schema_migrations"."version" FROM "schema_migrations" ORDER BY "schema_migrations"."version" ASC[0m
  ↳ db/schema.rb:13
  [1m[35m (0.8ms)[0m  [1m[32mINSERT INTO "schema_migrations" (version) VALUES (20190524200915)[0m
  ↳ db/schema.rb:13
  [1m[35m (0.7ms)[0m  [1m[32mINSERT INTO "schema_migrations" (version) VALUES
(20190524182311);

[0m
  ↳ db/schema.rb:13
  [1m[35m (3.9ms)[0m  [1m[35mCREATE TABLE "ar_internal_metadata" ("key" character varying NOT NULL PRIMARY KEY, "value" character varying, "created_at" timestamp NOT NULL, "updated_at" timestamp NOT NULL)[0m
  ↳ db/schema.rb:13
  [1m[36mActiveRecord::InternalMetadata Load (0.5ms)[0m  [1m[34mSELECT  "ar_internal_metadata".* FROM "ar_internal_metadata" WHERE "ar_internal_metadata"."key" = $1 LIMIT $2[0m  [["key", "environment"], ["LIMIT", 1]]
  ↳ db/schema.rb:13
  [1m[35m (0.2ms)[0m  [1m[35mBEGIN[0m
  ↳ db/schema.rb:13
  [1m[36mActiveRecord::InternalMetadata Create (0.5ms)[0m  [1m[32mINSERT INTO "ar_internal_metadata" ("key", "value", "created_at", "updated_at") VALUES ($1, $2, $3, $4) RETURNING "key"[0m  [["key", "environment"], ["value", "development"], ["created_at", "2019-05-27 14:40:30.023668"], ["updated_at", "2019-05-27 14:40:30.023668"]]
  ↳ db/schema.rb:13
  [1m[35m (0.5ms)[0m  [1m[35mCOMMIT[0m
  ↳ db/schema.rb:13
  [1m[36mActiveRecord::InternalMetadata Load (0.3ms)[0m  [1m[34mSELECT  "ar_internal_metadata".* FROM "ar_internal_metadata" WHERE "ar_internal_metadata"."key" = $1 LIMIT $2[0m  [["key", "environment"], ["LIMIT", 1]]
  ↳ bin/rails:9
  [1m[35m (0.1ms)[0m  [1m[35mBEGIN[0m
  ↳ bin/rails:9
  [1m[36mActiveRecord::InternalMetadata Update (0.4ms)[0m  [1m[33mUPDATE "ar_internal_metadata" SET "value" = $1, "updated_at" = $2 WHERE "ar_internal_metadata"."key" = $3[0m  [["value", "test"], ["updated_at", "2019-05-27 14:40:30.028179"], ["key", "environment"]]
  ↳ bin/rails:9
  [1m[35m (0.4ms)[0m  [1m[35mCOMMIT[0m
  ↳ bin/rails:9
  [1m[35m (1.1ms)[0m  [1m[34mSELECT "schema_migrations"."version" FROM "schema_migrations" ORDER BY "schema_migrations"."version" ASC[0m
  ↳ bin/rails:9
Started GET "/" for ::1 at 2019-05-27 10:41:29 -0400
  [1m[35m (1.4ms)[0m  [1m[34mSELECT "schema_migrations"."version" FROM "schema_migrations" ORDER BY "schema_migrations"."version" ASC[0m
  ↳ /Users/aa/.rbenv/versions/2.5.1/lib/ruby/gems/2.5.0/gems/activerecord-5.2.3/lib/active_record/log_subscriber.rb:98
Processing by StaticPagesController#root as HTML
  Rendering static_pages/root.html.erb within layouts/application
  Rendered static_pages/root.html.erb within layouts/application (1.1ms)
Completed 200 OK in 2609ms (Views: 2594.1ms | ActiveRecord: 0.0ms)


Started GET "/" for ::1 at 2019-05-27 14:33:38 -0400
Processing by StaticPagesController#root as HTML
  Rendering static_pages/root.html.erb within layouts/application
  Rendered static_pages/root.html.erb within layouts/application (1.7ms)
Completed 200 OK in 784ms (Views: 780.2ms | ActiveRecord: 0.0ms)


Started GET "/" for ::1 at 2019-05-27 14:35:07 -0400
Processing by StaticPagesController#root as HTML
  Rendering static_pages/root.html.erb within layouts/application
  Rendered static_pages/root.html.erb within layouts/application (0.4ms)
Completed 200 OK in 587ms (Views: 585.6ms | ActiveRecord: 0.0ms)


Started GET "/" for ::1 at 2019-05-27 14:37:49 -0400
Processing by StaticPagesController#root as HTML
  Rendering static_pages/root.html.erb within layouts/application
  Rendered static_pages/root.html.erb within layouts/application (2.0ms)
Completed 200 OK in 160ms (Views: 156.5ms | ActiveRecord: 0.0ms)


Started GET "/" for ::1 at 2019-05-27 14:38:01 -0400
Processing by StaticPagesController#root as HTML
  Rendering static_pages/root.html.erb within layouts/application
  Rendered static_pages/root.html.erb within layouts/application (0.4ms)
Completed 200 OK in 476ms (Views: 474.1ms | ActiveRecord: 0.0ms)


Started GET "/" for ::1 at 2019-05-27 14:38:04 -0400
Processing by StaticPagesController#root as HTML
  Rendering static_pages/root.html.erb within layouts/application
  Rendered static_pages/root.html.erb within layouts/application (1.6ms)
Completed 200 OK in 29ms (Views: 27.2ms | ActiveRecord: 0.0ms)


Started GET "/" for ::1 at 2019-05-27 14:41:53 -0400
Processing by StaticPagesController#root as HTML
  Rendering static_pages/root.html.erb within layouts/application
  Rendered static_pages/root.html.erb within layouts/application (2.1ms)
Completed 200 OK in 720ms (Views: 704.0ms | ActiveRecord: 0.0ms)


Started GET "/" for ::1 at 2019-05-27 14:42:07 -0400
Processing by StaticPagesController#root as HTML
  Rendering static_pages/root.html.erb within layouts/application
  Rendered static_pages/root.html.erb within layouts/application (0.5ms)
Completed 200 OK in 515ms (Views: 512.3ms | ActiveRecord: 0.0ms)


Started GET "/" for ::1 at 2019-05-27 14:44:00 -0400
Processing by StaticPagesController#root as HTML
  Rendering static_pages/root.html.erb within layouts/application
  Rendered static_pages/root.html.erb within layouts/application (0.5ms)
Completed 200 OK in 972ms (Views: 966.0ms | ActiveRecord: 0.0ms)


Started GET "/" for ::1 at 2019-05-27 14:45:16 -0400
Processing by StaticPagesController#root as HTML
  Rendering static_pages/root.html.erb within layouts/application
  Rendered static_pages/root.html.erb within layouts/application (2.6ms)
Completed 200 OK in 662ms (Views: 657.8ms | ActiveRecord: 0.0ms)


Started GET "/" for ::1 at 2019-05-27 14:52:22 -0400
Processing by StaticPagesController#root as HTML
  Rendering static_pages/root.html.erb within layouts/application
  Rendered static_pages/root.html.erb within layouts/application (1.6ms)
Completed 200 OK in 976ms (Views: 948.0ms | ActiveRecord: 0.0ms)


Started GET "/" for ::1 at 2019-05-27 15:00:53 -0400
Processing by StaticPagesController#root as HTML
  Rendering static_pages/root.html.erb within layouts/application
  Rendered static_pages/root.html.erb within layouts/application (1.9ms)
Completed 200 OK in 659ms (Views: 656.1ms | ActiveRecord: 0.0ms)


Started GET "/" for ::1 at 2019-05-27 15:15:30 -0400
Processing by StaticPagesController#root as HTML
  Rendering static_pages/root.html.erb within layouts/application
  Rendered static_pages/root.html.erb within layouts/application (2.2ms)
Completed 200 OK in 1074ms (Views: 1047.5ms | ActiveRecord: 0.0ms)


Started GET "/" for ::1 at 2019-05-27 15:15:56 -0400
Processing by StaticPagesController#root as HTML
  Rendering static_pages/root.html.erb within layouts/application
  Rendered static_pages/root.html.erb within layouts/application (0.4ms)
Completed 200 OK in 85ms (Views: 78.3ms | ActiveRecord: 0.0ms)


Started GET "/" for ::1 at 2019-05-27 15:17:05 -0400
Processing by StaticPagesController#root as HTML
  Rendering static_pages/root.html.erb within layouts/application
  Rendered static_pages/root.html.erb within layouts/application (0.6ms)
Completed 200 OK in 867ms (Views: 863.0ms | ActiveRecord: 0.0ms)


Started GET "/" for ::1 at 2019-05-27 15:19:55 -0400
Processing by StaticPagesController#root as HTML
  Rendering static_pages/root.html.erb within layouts/application
  Rendered static_pages/root.html.erb within layouts/application (0.4ms)
Completed 200 OK in 671ms (Views: 669.2ms | ActiveRecord: 0.0ms)


Started GET "/" for ::1 at 2019-05-27 15:21:07 -0400
Processing by StaticPagesController#root as HTML
  Rendering static_pages/root.html.erb within layouts/application
  Rendered static_pages/root.html.erb within layouts/application (1.5ms)
Completed 200 OK in 783ms (Views: 779.3ms | ActiveRecord: 0.0ms)


Started GET "/" for ::1 at 2019-05-27 15:27:32 -0400
Processing by StaticPagesController#root as HTML
  Rendering static_pages/root.html.erb within layouts/application
  Rendered static_pages/root.html.erb within layouts/application (1.7ms)
Completed 200 OK in 834ms (Views: 827.8ms | ActiveRecord: 0.0ms)


Started GET "/" for ::1 at 2019-05-27 15:27:57 -0400
Processing by StaticPagesController#root as HTML
  Rendering static_pages/root.html.erb within layouts/application
  Rendered static_pages/root.html.erb within layouts/application (0.6ms)
Completed 200 OK in 577ms (Views: 575.7ms | ActiveRecord: 0.0ms)


Started GET "/" for ::1 at 2019-05-27 15:28:02 -0400
Processing by StaticPagesController#root as HTML
  Rendering static_pages/root.html.erb within layouts/application
  Rendered static_pages/root.html.erb within layouts/application (0.4ms)
Completed 200 OK in 24ms (Views: 22.9ms | ActiveRecord: 0.0ms)


Started GET "/" for ::1 at 2019-05-27 15:28:45 -0400
Processing by StaticPagesController#root as HTML
  Rendering static_pages/root.html.erb within layouts/application
  Rendered static_pages/root.html.erb within layouts/application (0.5ms)
Completed 200 OK in 698ms (Views: 696.5ms | ActiveRecord: 0.0ms)


Started GET "/" for ::1 at 2019-05-27 15:30:19 -0400
Processing by StaticPagesController#root as HTML
  Rendering static_pages/root.html.erb within layouts/application
  Rendered static_pages/root.html.erb within layouts/application (1.6ms)
Completed 200 OK in 761ms (Views: 757.5ms | ActiveRecord: 0.0ms)


Started GET "/" for ::1 at 2019-05-27 15:32:24 -0400
Processing by StaticPagesController#root as HTML
  Rendering static_pages/root.html.erb within layouts/application
  Rendered static_pages/root.html.erb within layouts/application (1.8ms)
Completed 200 OK in 666ms (Views: 659.9ms | ActiveRecord: 0.0ms)


Started GET "/" for ::1 at 2019-05-27 15:33:18 -0400
Processing by StaticPagesController#root as HTML
  Rendering static_pages/root.html.erb within layouts/application
  Rendered static_pages/root.html.erb within layouts/application (19.2ms)
Completed 200 OK in 732ms (Views: 731.0ms | ActiveRecord: 0.0ms)


Started GET "/" for ::1 at 2019-05-27 15:35:02 -0400
Processing by StaticPagesController#root as HTML
  Rendering static_pages/root.html.erb within layouts/application
  Rendered static_pages/root.html.erb within layouts/application (0.4ms)
Completed 200 OK in 647ms (Views: 645.6ms | ActiveRecord: 0.0ms)


Started GET "/" for ::1 at 2019-05-27 15:37:37 -0400
Processing by StaticPagesController#root as HTML
  Rendering static_pages/root.html.erb within layouts/application
  Rendered static_pages/root.html.erb within layouts/application (15.1ms)
Completed 200 OK in 610ms (Views: 606.1ms | ActiveRecord: 0.0ms)


Started GET "/" for ::1 at 2019-05-27 15:38:38 -0400
Processing by StaticPagesController#root as HTML
  Rendering static_pages/root.html.erb within layouts/application
  Rendered static_pages/root.html.erb within layouts/application (0.5ms)
Completed 200 OK in 637ms (Views: 635.3ms | ActiveRecord: 0.0ms)


Started GET "/" for ::1 at 2019-05-27 15:39:16 -0400
Processing by StaticPagesController#root as HTML
  Rendering static_pages/root.html.erb within layouts/application
  Rendered static_pages/root.html.erb within layouts/application (0.5ms)
Completed 200 OK in 822ms (Views: 817.5ms | ActiveRecord: 0.0ms)


Started GET "/" for ::1 at 2019-05-27 15:41:07 -0400
Processing by StaticPagesController#root as HTML
  Rendering static_pages/root.html.erb within layouts/application
  Rendered static_pages/root.html.erb within layouts/application (17.3ms)
Completed 200 OK in 979ms (Views: 959.6ms | ActiveRecord: 0.0ms)


Started GET "/" for ::1 at 2019-05-27 15:41:50 -0400
Processing by StaticPagesController#root as HTML
  Rendering static_pages/root.html.erb within layouts/application
  Rendered static_pages/root.html.erb within layouts/application (0.4ms)
Completed 200 OK in 735ms (Views: 728.3ms | ActiveRecord: 0.0ms)


Started GET "/" for ::1 at 2019-05-27 15:43:54 -0400
Processing by StaticPagesController#root as HTML
  Rendering static_pages/root.html.erb within layouts/application
  Rendered static_pages/root.html.erb within layouts/application (21.4ms)
Completed 200 OK in 839ms (Views: 823.5ms | ActiveRecord: 0.0ms)


Started GET "/" for ::1 at 2019-05-27 15:44:16 -0400
Processing by StaticPagesController#root as HTML
  Rendering static_pages/root.html.erb within layouts/application
  Rendered static_pages/root.html.erb within layouts/application (0.4ms)
Completed 200 OK in 670ms (Views: 667.5ms | ActiveRecord: 0.0ms)


Started GET "/" for ::1 at 2019-05-27 15:45:18 -0400
Processing by StaticPagesController#root as HTML
  Rendering static_pages/root.html.erb within layouts/application
  Rendered static_pages/root.html.erb within layouts/application (0.8ms)
Completed 200 OK in 107ms (Views: 98.1ms | ActiveRecord: 0.0ms)


Started GET "/" for ::1 at 2019-05-27 16:02:45 -0400
Processing by StaticPagesController#root as HTML
  Rendering static_pages/root.html.erb within layouts/application
  Rendered static_pages/root.html.erb within layouts/application (1.9ms)
Completed 200 OK in 382ms (Views: 341.4ms | ActiveRecord: 0.0ms)


Started GET "/" for ::1 at 2019-05-27 16:05:27 -0400
Processing by StaticPagesController#root as HTML
  Rendering static_pages/root.html.erb within layouts/application
  Rendered static_pages/root.html.erb within layouts/application (2.0ms)
Completed 200 OK in 797ms (Views: 780.9ms | ActiveRecord: 0.0ms)


Started GET "/" for ::1 at 2019-05-27 16:08:19 -0400
Processing by StaticPagesController#root as HTML
  Rendering static_pages/root.html.erb within layouts/application
  Rendered static_pages/root.html.erb within layouts/application (24.6ms)
Completed 200 OK in 803ms (Views: 799.8ms | ActiveRecord: 0.0ms)


Started GET "/" for ::1 at 2019-05-27 16:35:00 -0400
Processing by StaticPagesController#root as HTML
  Rendering static_pages/root.html.erb within layouts/application
  Rendered static_pages/root.html.erb within layouts/application (2.1ms)
Completed 200 OK in 1251ms (Views: 1216.8ms | ActiveRecord: 0.0ms)


Started GET "/" for ::1 at 2019-05-27 16:36:09 -0400
Processing by StaticPagesController#root as HTML
  Rendering static_pages/root.html.erb within layouts/application
  Rendered static_pages/root.html.erb within layouts/application (22.3ms)
Completed 200 OK in 933ms (Views: 914.0ms | ActiveRecord: 0.0ms)


Started GET "/" for ::1 at 2019-05-27 16:37:23 -0400
Processing by StaticPagesController#root as HTML
  Rendering static_pages/root.html.erb within layouts/application
  Rendered static_pages/root.html.erb within layouts/application (0.4ms)
Completed 200 OK in 818ms (Views: 810.9ms | ActiveRecord: 0.0ms)


Started GET "/" for ::1 at 2019-05-27 16:37:58 -0400
Processing by StaticPagesController#root as HTML
  Rendering static_pages/root.html.erb within layouts/application
  Rendered static_pages/root.html.erb within layouts/application (29.1ms)
Completed 200 OK in 928ms (Views: 890.2ms | ActiveRecord: 0.0ms)


Started GET "/" for ::1 at 2019-05-27 16:38:37 -0400
Processing by StaticPagesController#root as HTML
  Rendering static_pages/root.html.erb within layouts/application
  Rendered static_pages/root.html.erb within layouts/application (0.3ms)
Completed 200 OK in 847ms (Views: 840.3ms | ActiveRecord: 0.0ms)


Started GET "/" for ::1 at 2019-05-27 16:40:53 -0400
Processing by StaticPagesController#root as HTML
  Rendering static_pages/root.html.erb within layouts/application
  Rendered static_pages/root.html.erb within layouts/application (4.8ms)
Completed 200 OK in 1135ms (Views: 1114.5ms | ActiveRecord: 0.0ms)


Started GET "/" for ::1 at 2019-05-27 16:41:21 -0400
Processing by StaticPagesController#root as HTML
  Rendering static_pages/root.html.erb within layouts/application
  Rendered static_pages/root.html.erb within layouts/application (0.5ms)
Completed 200 OK in 744ms (Views: 741.7ms | ActiveRecord: 0.0ms)


Started GET "/" for ::1 at 2019-05-27 16:43:05 -0400
Processing by StaticPagesController#root as HTML
  Rendering static_pages/root.html.erb within layouts/application
  Rendered static_pages/root.html.erb within layouts/application (18.3ms)
Completed 200 OK in 265ms (Views: 248.1ms | ActiveRecord: 0.0ms)


Started GET "/" for ::1 at 2019-05-27 16:43:09 -0400
Processing by StaticPagesController#root as HTML
  Rendering static_pages/root.html.erb within layouts/application
  Rendered static_pages/root.html.erb within layouts/application (0.5ms)
Completed 200 OK in 29ms (Views: 27.8ms | ActiveRecord: 0.0ms)


Started GET "/" for ::1 at 2019-05-27 16:45:43 -0400
Processing by StaticPagesController#root as HTML
  Rendering static_pages/root.html.erb within layouts/application
  Rendered static_pages/root.html.erb within layouts/application (24.6ms)
Completed 200 OK in 248ms (Views: 235.3ms | ActiveRecord: 0.0ms)


Started GET "/" for ::1 at 2019-05-27 16:47:36 -0400
Processing by StaticPagesController#root as HTML
  Rendering static_pages/root.html.erb within layouts/application
  Rendered static_pages/root.html.erb within layouts/application (0.7ms)
Completed 200 OK in 867ms (Views: 865.7ms | ActiveRecord: 0.0ms)


Started GET "/" for ::1 at 2019-05-27 16:49:41 -0400
Processing by StaticPagesController#root as HTML
  Rendering static_pages/root.html.erb within layouts/application
  Rendered static_pages/root.html.erb within layouts/application (3.1ms)
Completed 200 OK in 893ms (Views: 857.8ms | ActiveRecord: 0.0ms)


Started GET "/" for ::1 at 2019-05-27 17:25:21 -0400
Processing by StaticPagesController#root as HTML
  Rendering static_pages/root.html.erb within layouts/application
  Rendered static_pages/root.html.erb within layouts/application (0.9ms)
Completed 200 OK in 770ms (Views: 768.1ms | ActiveRecord: 0.0ms)


Started GET "/" for ::1 at 2019-05-27 17:26:26 -0400
Processing by StaticPagesController#root as HTML
  Rendering static_pages/root.html.erb within layouts/application
  Rendered static_pages/root.html.erb within layouts/application (2.7ms)
Completed 200 OK in 918ms (Views: 911.8ms | ActiveRecord: 0.0ms)


Started GET "/" for ::1 at 2019-05-27 17:26:47 -0400
Processing by StaticPagesController#root as HTML
  Rendering static_pages/root.html.erb within layouts/application
  Rendered static_pages/root.html.erb within layouts/application (37.5ms)
Completed 200 OK in 93ms (Views: 91.3ms | ActiveRecord: 0.0ms)


Started GET "/" for ::1 at 2019-05-27 17:27:51 -0400
Processing by StaticPagesController#root as HTML
  Rendering static_pages/root.html.erb within layouts/application
  Rendered static_pages/root.html.erb within layouts/application (77.8ms)
Completed 200 OK in 1077ms (Views: 1070.4ms | ActiveRecord: 0.0ms)


